<?xml version="1.0" encoding="UTF-8"?>
<!-- Generated by org.testng.reporters.JUnitXMLReporter -->
<testsuite hostname="LAPTOP-LHPQTTM1" ignored="0" name="Default test" tests="3" failures="0" timestamp="11 Mar 2019 05:55:52 GMT" time="19.533" errors="0">
  <testcase name="VerifyLogoofThePage" time="0.068" classname="com.TestCases.LoginPageTest"/>
  <testcase name="VerifyTitleofThePage" time="0.008" classname="com.TestCases.LoginPageTest"/>
  <testcase name="VerifyLoginPage" time="1.954" classname="com.TestCases.LoginPageTest"/>
</testsuite> <!-- Default test -->
