<?xml version="1.0" encoding="UTF-8"?>
<testng-results skipped="0" failed="0" ignored="0" total="3" passed="3">
  <reporter-output>
  </reporter-output>
  <suite name="Default suite" duration-ms="19533" started-at="2019-03-11T05:55:32Z" finished-at="2019-03-11T05:55:52Z">
    <groups>
    </groups>
    <test name="Default test" duration-ms="19533" started-at="2019-03-11T05:55:32Z" finished-at="2019-03-11T05:55:52Z">
      <class name="com.TestCases.LoginPageTest">
        <test-method status="PASS" signature="Setup()[pri:0, instance:com.TestCases.LoginPageTest@31ef45e3]" name="Setup" is-config="true" duration-ms="5722" started-at="2019-03-11T05:55:32Z" finished-at="2019-03-11T05:55:38Z">
          <reporter-output>
          </reporter-output>
        </test-method> <!-- Setup -->
        <test-method status="PASS" signature="VerifyLogoofThePage()[pri:0, instance:com.TestCases.LoginPageTest@31ef45e3]" name="VerifyLogoofThePage" duration-ms="68" started-at="2019-03-11T05:55:38Z" finished-at="2019-03-11T05:55:38Z">
          <reporter-output>
          </reporter-output>
        </test-method> <!-- VerifyLogoofThePage -->
        <test-method status="PASS" signature="TearDown()[pri:0, instance:com.TestCases.LoginPageTest@31ef45e3]" name="TearDown" is-config="true" duration-ms="645" started-at="2019-03-11T05:55:38Z" finished-at="2019-03-11T05:55:39Z">
          <reporter-output>
          </reporter-output>
        </test-method> <!-- TearDown -->
        <test-method status="PASS" signature="Setup()[pri:0, instance:com.TestCases.LoginPageTest@31ef45e3]" name="Setup" is-config="true" duration-ms="4936" started-at="2019-03-11T05:55:39Z" finished-at="2019-03-11T05:55:44Z">
          <reporter-output>
          </reporter-output>
        </test-method> <!-- Setup -->
        <test-method status="PASS" signature="VerifyTitleofThePage()[pri:1, instance:com.TestCases.LoginPageTest@31ef45e3]" name="VerifyTitleofThePage" duration-ms="8" started-at="2019-03-11T05:55:44Z" finished-at="2019-03-11T05:55:44Z">
          <reporter-output>
          </reporter-output>
        </test-method> <!-- VerifyTitleofThePage -->
        <test-method status="PASS" signature="TearDown()[pri:0, instance:com.TestCases.LoginPageTest@31ef45e3]" name="TearDown" is-config="true" duration-ms="656" started-at="2019-03-11T05:55:44Z" finished-at="2019-03-11T05:55:44Z">
          <reporter-output>
          </reporter-output>
        </test-method> <!-- TearDown -->
        <test-method status="PASS" signature="Setup()[pri:0, instance:com.TestCases.LoginPageTest@31ef45e3]" name="Setup" is-config="true" duration-ms="4695" started-at="2019-03-11T05:55:44Z" finished-at="2019-03-11T05:55:49Z">
          <reporter-output>
          </reporter-output>
        </test-method> <!-- Setup -->
        <test-method status="PASS" signature="VerifyLoginPage()[pri:2, instance:com.TestCases.LoginPageTest@31ef45e3]" name="VerifyLoginPage" duration-ms="1954" started-at="2019-03-11T05:55:49Z" finished-at="2019-03-11T05:55:51Z">
          <reporter-output>
          </reporter-output>
        </test-method> <!-- VerifyLoginPage -->
        <test-method status="PASS" signature="TearDown()[pri:0, instance:com.TestCases.LoginPageTest@31ef45e3]" name="TearDown" is-config="true" duration-ms="814" started-at="2019-03-11T05:55:51Z" finished-at="2019-03-11T05:55:52Z">
          <reporter-output>
          </reporter-output>
        </test-method> <!-- TearDown -->
      </class> <!-- com.TestCases.LoginPageTest -->
    </test> <!-- Default test -->
  </suite> <!-- Default suite -->
</testng-results>
